2025-09-26 09:04:53 [main] INFO  c.taskmanager.TaskManagerApplication - Starting TaskManagerApplication using Java 17.0.16 with PID 916235 (/var/www/html/assessment/backend/target/classes started by rigace in /var/www/html/assessment/backend)
2025-09-26 09:04:53 [main] DEBUG c.taskmanager.TaskManagerApplication - Running with Spring Boot v3.2.0, Spring v6.1.1
2025-09-26 09:04:53 [main] INFO  c.taskmanager.TaskManagerApplication - No active profile set, falling back to 1 default profile: "default"
2025-09-26 09:04:54 [main] INFO  o.s.d.r.c.RepositoryConfigurationDelegate - Bootstrapping Spring Data JPA repositories in DEFAULT mode.
2025-09-26 09:04:54 [main] INFO  o.s.d.r.c.RepositoryConfigurationDelegate - Finished Spring Data repository scanning in 81 ms. Found 2 JPA repository interfaces.
2025-09-26 09:04:55 [main] INFO  o.s.b.w.e.tomcat.TomcatWebServer - Tomcat initialized with port 8080 (http)
2025-09-26 09:04:55 [main] INFO  o.a.catalina.core.StandardService - Starting service [Tomcat]
2025-09-26 09:04:55 [main] INFO  o.a.catalina.core.StandardEngine - Starting Servlet engine: [Apache Tomcat/10.1.16]
2025-09-26 09:04:55 [main] INFO  o.a.c.c.C.[Tomcat].[localhost].[/] - Initializing Spring embedded WebApplicationContext
2025-09-26 09:04:55 [main] INFO  o.s.b.w.s.c.ServletWebServerApplicationContext - Root WebApplicationContext: initialization completed in 1847 ms
2025-09-26 09:04:55 [main] INFO  com.zaxxer.hikari.HikariDataSource - HikariPool-1 - Starting...
2025-09-26 09:04:55 [main] INFO  com.zaxxer.hikari.pool.HikariPool - HikariPool-1 - Added connection conn0: url=jdbc:h2:mem:taskmanager user=SA
2025-09-26 09:04:55 [main] INFO  com.zaxxer.hikari.HikariDataSource - HikariPool-1 - Start completed.
2025-09-26 09:04:55 [main] INFO  o.s.b.a.h.H2ConsoleAutoConfiguration - H2 console available at '/h2-console'. Database available at 'jdbc:h2:mem:taskmanager'
2025-09-26 09:04:55 [main] INFO  o.h.jpa.internal.util.LogHelper - HHH000204: Processing PersistenceUnitInfo [name: default]
2025-09-26 09:04:55 [main] INFO  org.hibernate.Version - HHH000412: Hibernate ORM core version 6.3.1.Final
2025-09-26 09:04:55 [main] INFO  o.h.c.i.RegionFactoryInitiator - HHH000026: Second-level cache disabled
2025-09-26 09:04:55 [main] INFO  o.s.o.j.p.SpringPersistenceUnitInfo - No LoadTimeWeaver setup: ignoring JPA class transformer
2025-09-26 09:04:55 [main] WARN  org.hibernate.orm.deprecation - HHH90000025: H2Dialect does not need to be specified explicitly using 'hibernate.dialect' (remove the property setting and it will be selected by default)
2025-09-26 09:04:56 [main] INFO  o.h.e.t.j.p.i.JtaPlatformInitiator - HHH000489: No JTA platform available (set 'hibernate.transaction.jta.platform' to enable JTA platform integration)
2025-09-26 09:04:56 [main] INFO  o.s.o.j.LocalContainerEntityManagerFactoryBean - Initialized JPA EntityManagerFactory for persistence unit 'default'
2025-09-26 09:04:56 [main] DEBUG c.t.security.AuthTokenFilter - Filter 'authenticationJwtTokenFilter' configured for use
2025-09-26 09:04:57 [main] WARN  o.s.b.a.o.j.JpaBaseConfiguration$JpaWebConfiguration - spring.jpa.open-in-view is enabled by default. Therefore, database queries may be performed during view rendering. Explicitly configure spring.jpa.open-in-view to disable this warning
2025-09-26 09:04:57 [main] INFO  o.s.s.web.DefaultSecurityFilterChain - Will secure any request with [org.springframework.security.web.session.DisableEncodeUrlFilter@4560eb15, org.springframework.security.web.context.request.async.WebAsyncManagerIntegrationFilter@225fb75e, org.springframework.security.web.context.SecurityContextHolderFilter@7e5c8c80, org.springframework.security.web.header.HeaderWriterFilter@78e59b04, org.springframework.web.filter.CorsFilter@61d9dd15, org.springframework.security.web.authentication.logout.LogoutFilter@16257f8c, com.taskmanager.security.AuthTokenFilter@10cb5047, org.springframework.security.web.savedrequest.RequestCacheAwareFilter@5cd6a827, org.springframework.security.web.servletapi.SecurityContextHolderAwareRequestFilter@6cd65042, org.springframework.security.web.authentication.AnonymousAuthenticationFilter@4936fbc6, org.springframework.security.web.session.SessionManagementFilter@1735e1c4, org.springframework.security.web.access.ExceptionTranslationFilter@33986be7, org.springframework.security.web.access.intercept.AuthorizationFilter@397bd46b]
2025-09-26 09:04:57 [main] INFO  o.s.b.w.e.tomcat.TomcatWebServer - Tomcat started on port 8080 (http) with context path ''
2025-09-26 09:04:57 [main] INFO  c.taskmanager.TaskManagerApplication - Started TaskManagerApplication in 4.955 seconds (process running for 5.397)
2025-09-26 09:09:19 [SpringApplicationShutdownHook] INFO  o.s.o.j.LocalContainerEntityManagerFactoryBean - Closing JPA EntityManagerFactory for persistence unit 'default'
2025-09-26 09:09:19 [SpringApplicationShutdownHook] INFO  com.zaxxer.hikari.HikariDataSource - HikariPool-1 - Shutdown initiated...
2025-09-26 09:09:19 [SpringApplicationShutdownHook] INFO  com.zaxxer.hikari.HikariDataSource - HikariPool-1 - Shutdown completed.
2025-09-26 09:18:28 [main] INFO  c.taskmanager.TaskManagerApplication - Starting TaskManagerApplication using Java 17.0.16 with PID 934397 (/var/www/html/assessment/backend/target/classes started by rigace in /var/www/html/assessment/backend)
2025-09-26 09:18:28 [main] DEBUG c.taskmanager.TaskManagerApplication - Running with Spring Boot v3.2.0, Spring v6.1.1
2025-09-26 09:18:28 [main] INFO  c.taskmanager.TaskManagerApplication - No active profile set, falling back to 1 default profile: "default"
2025-09-26 09:18:29 [main] INFO  o.s.d.r.c.RepositoryConfigurationDelegate - Bootstrapping Spring Data JPA repositories in DEFAULT mode.
2025-09-26 09:18:29 [main] INFO  o.s.d.r.c.RepositoryConfigurationDelegate - Finished Spring Data repository scanning in 32 ms. Found 2 JPA repository interfaces.
2025-09-26 09:18:29 [main] INFO  o.s.b.w.e.tomcat.TomcatWebServer - Tomcat initialized with port 8080 (http)
2025-09-26 09:18:29 [main] INFO  o.a.catalina.core.StandardService - Starting service [Tomcat]
2025-09-26 09:18:29 [main] INFO  o.a.catalina.core.StandardEngine - Starting Servlet engine: [Apache Tomcat/10.1.16]
2025-09-26 09:18:29 [main] INFO  o.a.c.c.C.[Tomcat].[localhost].[/] - Initializing Spring embedded WebApplicationContext
2025-09-26 09:18:29 [main] INFO  o.s.b.w.s.c.ServletWebServerApplicationContext - Root WebApplicationContext: initialization completed in 837 ms
2025-09-26 09:18:29 [main] INFO  com.zaxxer.hikari.HikariDataSource - HikariPool-1 - Starting...
2025-09-26 09:18:29 [main] INFO  com.zaxxer.hikari.pool.HikariPool - HikariPool-1 - Added connection conn0: url=jdbc:h2:mem:taskmanager user=SA
2025-09-26 09:18:29 [main] INFO  com.zaxxer.hikari.HikariDataSource - HikariPool-1 - Start completed.
2025-09-26 09:18:29 [main] INFO  o.s.b.a.h.H2ConsoleAutoConfiguration - H2 console available at '/h2-console'. Database available at 'jdbc:h2:mem:taskmanager'
2025-09-26 09:18:29 [main] INFO  o.h.jpa.internal.util.LogHelper - HHH000204: Processing PersistenceUnitInfo [name: default]
2025-09-26 09:18:29 [main] INFO  org.hibernate.Version - HHH000412: Hibernate ORM core version 6.3.1.Final
2025-09-26 09:18:29 [main] INFO  o.h.c.i.RegionFactoryInitiator - HHH000026: Second-level cache disabled
2025-09-26 09:18:29 [main] INFO  o.s.o.j.p.SpringPersistenceUnitInfo - No LoadTimeWeaver setup: ignoring JPA class transformer
2025-09-26 09:18:30 [main] WARN  org.hibernate.orm.deprecation - HHH90000025: H2Dialect does not need to be specified explicitly using 'hibernate.dialect' (remove the property setting and it will be selected by default)
2025-09-26 09:18:30 [main] INFO  o.h.e.t.j.p.i.JtaPlatformInitiator - HHH000489: No JTA platform available (set 'hibernate.transaction.jta.platform' to enable JTA platform integration)
2025-09-26 09:18:30 [main] INFO  o.s.o.j.LocalContainerEntityManagerFactoryBean - Initialized JPA EntityManagerFactory for persistence unit 'default'
2025-09-26 09:18:30 [main] DEBUG c.t.security.AuthTokenFilter - Filter 'authenticationJwtTokenFilter' configured for use
2025-09-26 09:18:30 [main] WARN  o.s.b.a.o.j.JpaBaseConfiguration$JpaWebConfiguration - spring.jpa.open-in-view is enabled by default. Therefore, database queries may be performed during view rendering. Explicitly configure spring.jpa.open-in-view to disable this warning
2025-09-26 09:18:31 [main] INFO  o.s.s.web.DefaultSecurityFilterChain - Will secure any request with [org.springframework.security.web.session.DisableEncodeUrlFilter@1a34f8e2, org.springframework.security.web.context.request.async.WebAsyncManagerIntegrationFilter@222a7429, org.springframework.security.web.context.SecurityContextHolderFilter@5418893c, org.springframework.security.web.header.HeaderWriterFilter@1e12fdcf, org.springframework.web.filter.CorsFilter@22a8c837, org.springframework.security.web.authentication.logout.LogoutFilter@61d9dd15, com.taskmanager.security.AuthTokenFilter@4fd00e10, org.springframework.security.web.savedrequest.RequestCacheAwareFilter@22bca04e, org.springframework.security.web.servletapi.SecurityContextHolderAwareRequestFilter@20608ef4, org.springframework.security.web.authentication.AnonymousAuthenticationFilter@5f596a1a, org.springframework.security.web.session.SessionManagementFilter@fef2768, org.springframework.security.web.access.ExceptionTranslationFilter@53b9952f, org.springframework.security.web.access.intercept.AuthorizationFilter@40ef1934]
2025-09-26 09:18:31 [main] INFO  o.s.b.w.e.tomcat.TomcatWebServer - Tomcat started on port 8080 (http) with context path ''
2025-09-26 09:18:31 [main] INFO  c.taskmanager.TaskManagerApplication - Started TaskManagerApplication in 2.901 seconds (process running for 3.075)
2025-09-26 09:19:05 [http-nio-8080-exec-1] INFO  o.a.c.c.C.[Tomcat].[localhost].[/] - Initializing Spring DispatcherServlet 'dispatcherServlet'
2025-09-26 09:19:05 [http-nio-8080-exec-1] INFO  o.s.web.servlet.DispatcherServlet - Initializing Servlet 'dispatcherServlet'
2025-09-26 09:19:05 [http-nio-8080-exec-1] INFO  o.s.web.servlet.DispatcherServlet - Completed initialization in 2 ms
2025-09-26 09:19:05 [http-nio-8080-exec-1] DEBUG o.s.security.web.FilterChainProxy - Securing OPTIONS /auth/register
2025-09-26 09:19:05 [http-nio-8080-exec-2] DEBUG o.s.security.web.FilterChainProxy - Securing POST /auth/register
2025-09-26 09:19:05 [http-nio-8080-exec-2] DEBUG o.s.s.w.a.AnonymousAuthenticationFilter - Set SecurityContextHolder to anonymous SecurityContext
2025-09-26 09:19:05 [http-nio-8080-exec-2] WARN  o.s.w.s.h.HandlerMappingIntrospector - Cache miss for REQUEST dispatch to '/auth/register' (previous null). Performing MatchableHandlerMapping lookup. This is logged once only at WARN level, and every time at TRACE.
2025-09-26 09:19:05 [http-nio-8080-exec-2] DEBUG o.s.security.web.FilterChainProxy - Secured POST /auth/register
2025-09-26 09:19:05 [http-nio-8080-exec-2] INFO  c.t.controller.AuthController - Registration attempt for user: duncannzei@gmail.com
2025-09-26 09:19:05 [http-nio-8080-exec-2] INFO  c.t.controller.AuthController - User duncannzei@gmail.com registered successfully
2025-09-26 09:19:27 [http-nio-8080-exec-3] DEBUG o.s.security.web.FilterChainProxy - Securing OPTIONS /auth/login
2025-09-26 09:19:27 [http-nio-8080-exec-4] DEBUG o.s.security.web.FilterChainProxy - Securing POST /auth/login
2025-09-26 09:19:27 [http-nio-8080-exec-4] DEBUG o.s.s.w.a.AnonymousAuthenticationFilter - Set SecurityContextHolder to anonymous SecurityContext
2025-09-26 09:19:27 [http-nio-8080-exec-4] DEBUG o.s.security.web.FilterChainProxy - Secured POST /auth/login
2025-09-26 09:19:27 [http-nio-8080-exec-4] INFO  c.t.controller.AuthController - Login attempt for user: duncannzei@gmail.com
2025-09-26 09:19:27 [http-nio-8080-exec-4] DEBUG o.s.s.a.d.DaoAuthenticationProvider - Failed to authenticate since password does not match stored value
2025-09-26 09:19:27 [http-nio-8080-exec-4] ERROR c.t.security.AuthEntryPointJwt - Unauthorized error: Bad credentials
2025-09-26 09:20:03 [http-nio-8080-exec-5] DEBUG o.s.security.web.FilterChainProxy - Securing OPTIONS /auth/register
2025-09-26 09:20:03 [http-nio-8080-exec-6] DEBUG o.s.security.web.FilterChainProxy - Securing POST /auth/register
2025-09-26 09:20:03 [http-nio-8080-exec-6] DEBUG o.s.s.w.a.AnonymousAuthenticationFilter - Set SecurityContextHolder to anonymous SecurityContext
2025-09-26 09:20:03 [http-nio-8080-exec-6] DEBUG o.s.security.web.FilterChainProxy - Secured POST /auth/register
2025-09-26 09:20:03 [http-nio-8080-exec-6] INFO  c.t.controller.AuthController - Registration attempt for user: duncannzei@gmail.com
2025-09-26 09:20:03 [http-nio-8080-exec-6] WARN  c.t.controller.AuthController - Registration failed: Username duncannzei@gmail.com is already taken
2025-09-26 09:20:09 [http-nio-8080-exec-7] DEBUG o.s.security.web.FilterChainProxy - Securing OPTIONS /auth/register
2025-09-26 09:20:09 [http-nio-8080-exec-8] DEBUG o.s.security.web.FilterChainProxy - Securing POST /auth/register
2025-09-26 09:20:09 [http-nio-8080-exec-8] DEBUG o.s.s.w.a.AnonymousAuthenticationFilter - Set SecurityContextHolder to anonymous SecurityContext
2025-09-26 09:20:09 [http-nio-8080-exec-8] DEBUG o.s.security.web.FilterChainProxy - Secured POST /auth/register
2025-09-26 09:20:09 [http-nio-8080-exec-8] INFO  c.t.controller.AuthController - Registration attempt for user: duncannzei1@gmail.com
2025-09-26 09:20:10 [http-nio-8080-exec-8] INFO  c.t.controller.AuthController - User duncannzei1@gmail.com registered successfully
2025-09-26 09:20:37 [http-nio-8080-exec-9] DEBUG o.s.security.web.FilterChainProxy - Securing OPTIONS /auth/login
2025-09-26 09:20:37 [http-nio-8080-exec-10] DEBUG o.s.security.web.FilterChainProxy - Securing POST /auth/login
2025-09-26 09:20:37 [http-nio-8080-exec-10] DEBUG o.s.s.w.a.AnonymousAuthenticationFilter - Set SecurityContextHolder to anonymous SecurityContext
2025-09-26 09:20:37 [http-nio-8080-exec-10] DEBUG o.s.security.web.FilterChainProxy - Secured POST /auth/login
2025-09-26 09:20:37 [http-nio-8080-exec-10] INFO  c.t.controller.AuthController - Login attempt for user: duncannzei1@gmail.com
2025-09-26 09:20:37 [http-nio-8080-exec-10] DEBUG o.s.s.a.d.DaoAuthenticationProvider - Authenticated user
2025-09-26 09:20:37 [http-nio-8080-exec-10] ERROR o.a.c.c.C.[.[.[.[dispatcherServlet] - Servlet.service() for servlet [dispatcherServlet] in context with path [] threw exception [Request processing failed: io.jsonwebtoken.security.WeakKeyException: The signing key's size is 328 bits which is not secure enough for the HS512 algorithm.  The JWT JWA Specification (RFC 7518, Section 3.2) states that keys used with HS512 MUST have a size >= 512 bits (the key size must be greater than or equal to the hash output size).  Consider using the io.jsonwebtoken.security.Keys class's 'secretKeyFor(SignatureAlgorithm.HS512)' method to create a key guaranteed to be secure enough for HS512.  See https://tools.ietf.org/html/rfc7518#section-3.2 for more information.] with root cause
io.jsonwebtoken.security.WeakKeyException: The signing key's size is 328 bits which is not secure enough for the HS512 algorithm.  The JWT JWA Specification (RFC 7518, Section 3.2) states that keys used with HS512 MUST have a size >= 512 bits (the key size must be greater than or equal to the hash output size).  Consider using the io.jsonwebtoken.security.Keys class's 'secretKeyFor(SignatureAlgorithm.HS512)' method to create a key guaranteed to be secure enough for HS512.  See https://tools.ietf.org/html/rfc7518#section-3.2 for more information.
	at io.jsonwebtoken.SignatureAlgorithm.assertValid(SignatureAlgorithm.java:387)
	at io.jsonwebtoken.SignatureAlgorithm.assertValidSigningKey(SignatureAlgorithm.java:315)
	at io.jsonwebtoken.impl.DefaultJwtBuilder.signWith(DefaultJwtBuilder.java:112)
	at com.taskmanager.security.JwtUtils.generateJwtToken(JwtUtils.java:36)
	at com.taskmanager.controller.AuthController.authenticateUser(AuthController.java:49)
	at java.base/jdk.internal.reflect.NativeMethodAccessorImpl.invoke0(Native Method)
	at java.base/jdk.internal.reflect.NativeMethodAccessorImpl.invoke(NativeMethodAccessorImpl.java:77)
	at java.base/jdk.internal.reflect.DelegatingMethodAccessorImpl.invoke(DelegatingMethodAccessorImpl.java:43)
	at java.base/java.lang.reflect.Method.invoke(Method.java:569)
	at org.springframework.web.method.support.InvocableHandlerMethod.doInvoke(InvocableHandlerMethod.java:254)
	at org.springframework.web.method.support.InvocableHandlerMethod.invokeForRequest(InvocableHandlerMethod.java:182)
	at org.springframework.web.servlet.mvc.method.annotation.ServletInvocableHandlerMethod.invokeAndHandle(ServletInvocableHandlerMethod.java:118)
	at org.springframework.web.servlet.mvc.method.annotation.RequestMappingHandlerAdapter.invokeHandlerMethod(RequestMappingHandlerAdapter.java:917)
	at org.springframework.web.servlet.mvc.method.annotation.RequestMappingHandlerAdapter.handleInternal(RequestMappingHandlerAdapter.java:829)
	at org.springframework.web.servlet.mvc.method.AbstractHandlerMethodAdapter.handle(AbstractHandlerMethodAdapter.java:87)
	at org.springframework.web.servlet.DispatcherServlet.doDispatch(DispatcherServlet.java:1089)
	at org.springframework.web.servlet.DispatcherServlet.doService(DispatcherServlet.java:979)
	at org.springframework.web.servlet.FrameworkServlet.processRequest(FrameworkServlet.java:1014)
	at org.springframework.web.servlet.FrameworkServlet.doPost(FrameworkServlet.java:914)
	at jakarta.servlet.http.HttpServlet.service(HttpServlet.java:590)
	at org.springframework.web.servlet.FrameworkServlet.service(FrameworkServlet.java:885)
	at jakarta.servlet.http.HttpServlet.service(HttpServlet.java:658)
	at org.apache.catalina.core.ApplicationFilterChain.internalDoFilter(ApplicationFilterChain.java:205)
	at org.apache.catalina.core.ApplicationFilterChain.doFilter(ApplicationFilterChain.java:149)
	at org.apache.tomcat.websocket.server.WsFilter.doFilter(WsFilter.java:51)
	at org.apache.catalina.core.ApplicationFilterChain.internalDoFilter(ApplicationFilterChain.java:174)
	at org.apache.catalina.core.ApplicationFilterChain.doFilter(ApplicationFilterChain.java:149)
	at org.springframework.web.filter.OncePerRequestFilter.doFilter(OncePerRequestFilter.java:110)
	at org.apache.catalina.core.ApplicationFilterChain.internalDoFilter(ApplicationFilterChain.java:174)
	at org.apache.catalina.core.ApplicationFilterChain.doFilter(ApplicationFilterChain.java:149)
	at org.springframework.security.web.FilterChainProxy.lambda$doFilterInternal$3(FilterChainProxy.java:231)
	at org.springframework.security.web.FilterChainProxy$VirtualFilterChain.doFilter(FilterChainProxy.java:365)
	at org.springframework.security.web.access.intercept.AuthorizationFilter.doFilter(AuthorizationFilter.java:100)
	at org.springframework.security.web.FilterChainProxy$VirtualFilterChain.doFilter(FilterChainProxy.java:374)
	at org.springframework.security.web.access.ExceptionTranslationFilter.doFilter(ExceptionTranslationFilter.java:126)
	at org.springframework.security.web.access.ExceptionTranslationFilter.doFilter(ExceptionTranslationFilter.java:120)
	at org.springframework.security.web.FilterChainProxy$VirtualFilterChain.doFilter(FilterChainProxy.java:374)
	at org.springframework.security.web.session.SessionManagementFilter.doFilter(SessionManagementFilter.java:131)
	at org.springframework.security.web.session.SessionManagementFilter.doFilter(SessionManagementFilter.java:85)
	at org.springframework.security.web.FilterChainProxy$VirtualFilterChain.doFilter(FilterChainProxy.java:374)
	at org.springframework.security.web.authentication.AnonymousAuthenticationFilter.doFilter(AnonymousAuthenticationFilter.java:100)
	at org.springframework.security.web.FilterChainProxy$VirtualFilterChain.doFilter(FilterChainProxy.java:374)
	at org.springframework.security.web.servletapi.SecurityContextHolderAwareRequestFilter.doFilter(SecurityContextHolderAwareRequestFilter.java:179)
	at org.springframework.security.web.FilterChainProxy$VirtualFilterChain.doFilter(FilterChainProxy.java:374)
	at org.springframework.security.web.savedrequest.RequestCacheAwareFilter.doFilter(RequestCacheAwareFilter.java:63)
	at org.springframework.security.web.FilterChainProxy$VirtualFilterChain.doFilter(FilterChainProxy.java:374)
	at com.taskmanager.security.AuthTokenFilter.doFilterInternal(AuthTokenFilter.java:47)
	at org.springframework.web.filter.OncePerRequestFilter.doFilter(OncePerRequestFilter.java:116)
	at org.springframework.security.web.FilterChainProxy$VirtualFilterChain.doFilter(FilterChainProxy.java:374)
	at org.springframework.security.web.authentication.logout.LogoutFilter.doFilter(LogoutFilter.java:107)
	at org.springframework.security.web.authentication.logout.LogoutFilter.doFilter(LogoutFilter.java:93)
	at org.springframework.security.web.FilterChainProxy$VirtualFilterChain.doFilter(FilterChainProxy.java:374)
	at org.springframework.web.filter.CorsFilter.doFilterInternal(CorsFilter.java:91)
	at org.springframework.web.filter.OncePerRequestFilter.doFilter(OncePerRequestFilter.java:116)
	at org.springframework.security.web.FilterChainProxy$VirtualFilterChain.doFilter(FilterChainProxy.java:374)
	at org.springframework.security.web.header.HeaderWriterFilter.doHeadersAfter(HeaderWriterFilter.java:90)
	at org.springframework.security.web.header.HeaderWriterFilter.doFilterInternal(HeaderWriterFilter.java:75)
	at org.springframework.web.filter.OncePerRequestFilter.doFilter(OncePerRequestFilter.java:116)
	at org.springframework.security.web.FilterChainProxy$VirtualFilterChain.doFilter(FilterChainProxy.java:374)
	at org.springframework.security.web.context.SecurityContextHolderFilter.doFilter(SecurityContextHolderFilter.java:82)
	at org.springframework.security.web.context.SecurityContextHolderFilter.doFilter(SecurityContextHolderFilter.java:69)
	at org.springframework.security.web.FilterChainProxy$VirtualFilterChain.doFilter(FilterChainProxy.java:374)
	at org.springframework.security.web.context.request.async.WebAsyncManagerIntegrationFilter.doFilterInternal(WebAsyncManagerIntegrationFilter.java:62)
	at org.springframework.web.filter.OncePerRequestFilter.doFilter(OncePerRequestFilter.java:116)
	at org.springframework.security.web.FilterChainProxy$VirtualFilterChain.doFilter(FilterChainProxy.java:374)
	at org.springframework.security.web.session.DisableEncodeUrlFilter.doFilterInternal(DisableEncodeUrlFilter.java:42)
	at org.springframework.web.filter.OncePerRequestFilter.doFilter(OncePerRequestFilter.java:116)
	at org.springframework.security.web.FilterChainProxy$VirtualFilterChain.doFilter(FilterChainProxy.java:374)
	at org.springframework.security.web.FilterChainProxy.doFilterInternal(FilterChainProxy.java:233)
	at org.springframework.security.web.FilterChainProxy.doFilter(FilterChainProxy.java:191)
	at org.springframework.web.filter.DelegatingFilterProxy.invokeDelegate(DelegatingFilterProxy.java:352)
	at org.springframework.web.filter.DelegatingFilterProxy.doFilter(DelegatingFilterProxy.java:268)
	at org.apache.catalina.core.ApplicationFilterChain.internalDoFilter(ApplicationFilterChain.java:174)
	at org.apache.catalina.core.ApplicationFilterChain.doFilter(ApplicationFilterChain.java:149)
	at org.springframework.web.filter.RequestContextFilter.doFilterInternal(RequestContextFilter.java:100)
	at org.springframework.web.filter.OncePerRequestFilter.doFilter(OncePerRequestFilter.java:116)
	at org.apache.catalina.core.ApplicationFilterChain.internalDoFilter(ApplicationFilterChain.java:174)
	at org.apache.catalina.core.ApplicationFilterChain.doFilter(ApplicationFilterChain.java:149)
	at org.springframework.web.filter.FormContentFilter.doFilterInternal(FormContentFilter.java:93)
	at org.springframework.web.filter.OncePerRequestFilter.doFilter(OncePerRequestFilter.java:116)
	at org.apache.catalina.core.ApplicationFilterChain.internalDoFilter(ApplicationFilterChain.java:174)
	at org.apache.catalina.core.ApplicationFilterChain.doFilter(ApplicationFilterChain.java:149)
	at org.springframework.web.filter.CharacterEncodingFilter.doFilterInternal(CharacterEncodingFilter.java:201)
	at org.springframework.web.filter.OncePerRequestFilter.doFilter(OncePerRequestFilter.java:116)
	at org.apache.catalina.core.ApplicationFilterChain.internalDoFilter(ApplicationFilterChain.java:174)
	at org.apache.catalina.core.ApplicationFilterChain.doFilter(ApplicationFilterChain.java:149)
	at org.apache.catalina.core.StandardWrapperValve.invoke(StandardWrapperValve.java:167)
	at org.apache.catalina.core.StandardContextValve.invoke(StandardContextValve.java:90)
	at org.apache.catalina.authenticator.AuthenticatorBase.invoke(AuthenticatorBase.java:482)
	at org.apache.catalina.core.StandardHostValve.invoke(StandardHostValve.java:115)
	at org.apache.catalina.valves.ErrorReportValve.invoke(ErrorReportValve.java:93)
	at org.apache.catalina.core.StandardEngineValve.invoke(StandardEngineValve.java:74)
	at org.apache.catalina.connector.CoyoteAdapter.service(CoyoteAdapter.java:340)
	at org.apache.coyote.http11.Http11Processor.service(Http11Processor.java:391)
	at org.apache.coyote.AbstractProcessorLight.process(AbstractProcessorLight.java:63)
	at org.apache.coyote.AbstractProtocol$ConnectionHandler.process(AbstractProtocol.java:896)
	at org.apache.tomcat.util.net.NioEndpoint$SocketProcessor.doRun(NioEndpoint.java:1744)
	at org.apache.tomcat.util.net.SocketProcessorBase.run(SocketProcessorBase.java:52)
	at org.apache.tomcat.util.threads.ThreadPoolExecutor.runWorker(ThreadPoolExecutor.java:1191)
	at org.apache.tomcat.util.threads.ThreadPoolExecutor$Worker.run(ThreadPoolExecutor.java:659)
	at org.apache.tomcat.util.threads.TaskThread$WrappingRunnable.run(TaskThread.java:61)
	at java.base/java.lang.Thread.run(Thread.java:840)
2025-09-26 09:20:37 [http-nio-8080-exec-10] DEBUG o.s.security.web.FilterChainProxy - Securing POST /error
2025-09-26 09:20:37 [http-nio-8080-exec-10] DEBUG o.s.s.w.a.AnonymousAuthenticationFilter - Set SecurityContextHolder to anonymous SecurityContext
2025-09-26 09:20:37 [http-nio-8080-exec-10] ERROR c.t.security.AuthEntryPointJwt - Unauthorized error: Full authentication is required to access this resource
2025-09-26 09:22:36 [main] INFO  c.taskmanager.TaskManagerApplication - Starting TaskManagerApplication using Java 17.0.16 with PID 939961 (/var/www/html/assessment/backend/target/classes started by rigace in /var/www/html/assessment/backend)
2025-09-26 09:22:36 [main] DEBUG c.taskmanager.TaskManagerApplication - Running with Spring Boot v3.2.0, Spring v6.1.1
2025-09-26 09:22:36 [main] INFO  c.taskmanager.TaskManagerApplication - No active profile set, falling back to 1 default profile: "default"
2025-09-26 09:22:36 [main] INFO  o.s.d.r.c.RepositoryConfigurationDelegate - Bootstrapping Spring Data JPA repositories in DEFAULT mode.
2025-09-26 09:22:37 [main] INFO  o.s.d.r.c.RepositoryConfigurationDelegate - Finished Spring Data repository scanning in 35 ms. Found 2 JPA repository interfaces.
2025-09-26 09:22:37 [main] INFO  o.s.b.w.e.tomcat.TomcatWebServer - Tomcat initialized with port 8080 (http)
2025-09-26 09:22:37 [main] INFO  o.a.catalina.core.StandardService - Starting service [Tomcat]
2025-09-26 09:22:37 [main] INFO  o.a.catalina.core.StandardEngine - Starting Servlet engine: [Apache Tomcat/10.1.16]
2025-09-26 09:22:37 [main] INFO  o.a.c.c.C.[Tomcat].[localhost].[/] - Initializing Spring embedded WebApplicationContext
2025-09-26 09:22:37 [main] INFO  o.s.b.w.s.c.ServletWebServerApplicationContext - Root WebApplicationContext: initialization completed in 826 ms
2025-09-26 09:22:37 [main] INFO  com.zaxxer.hikari.HikariDataSource - HikariPool-1 - Starting...
2025-09-26 09:22:37 [main] INFO  com.zaxxer.hikari.pool.HikariPool - HikariPool-1 - Added connection conn0: url=jdbc:h2:mem:taskmanager user=SA
2025-09-26 09:22:37 [main] INFO  com.zaxxer.hikari.HikariDataSource - HikariPool-1 - Start completed.
2025-09-26 09:22:37 [main] INFO  o.s.b.a.h.H2ConsoleAutoConfiguration - H2 console available at '/h2-console'. Database available at 'jdbc:h2:mem:taskmanager'
2025-09-26 09:22:37 [main] INFO  o.h.jpa.internal.util.LogHelper - HHH000204: Processing PersistenceUnitInfo [name: default]
2025-09-26 09:22:37 [main] INFO  org.hibernate.Version - HHH000412: Hibernate ORM core version 6.3.1.Final
2025-09-26 09:22:37 [main] INFO  o.h.c.i.RegionFactoryInitiator - HHH000026: Second-level cache disabled
2025-09-26 09:22:37 [main] INFO  o.s.o.j.p.SpringPersistenceUnitInfo - No LoadTimeWeaver setup: ignoring JPA class transformer
2025-09-26 09:22:37 [main] WARN  org.hibernate.orm.deprecation - HHH90000025: H2Dialect does not need to be specified explicitly using 'hibernate.dialect' (remove the property setting and it will be selected by default)
2025-09-26 09:22:38 [main] INFO  o.h.e.t.j.p.i.JtaPlatformInitiator - HHH000489: No JTA platform available (set 'hibernate.transaction.jta.platform' to enable JTA platform integration)
2025-09-26 09:22:38 [main] INFO  o.s.o.j.LocalContainerEntityManagerFactoryBean - Initialized JPA EntityManagerFactory for persistence unit 'default'
2025-09-26 09:22:38 [main] DEBUG c.t.security.AuthTokenFilter - Filter 'authenticationJwtTokenFilter' configured for use
2025-09-26 09:22:38 [main] WARN  o.s.b.a.o.j.JpaBaseConfiguration$JpaWebConfiguration - spring.jpa.open-in-view is enabled by default. Therefore, database queries may be performed during view rendering. Explicitly configure spring.jpa.open-in-view to disable this warning
2025-09-26 09:22:38 [main] INFO  o.s.s.web.DefaultSecurityFilterChain - Will secure any request with [org.springframework.security.web.session.DisableEncodeUrlFilter@397bd46b, org.springframework.security.web.context.request.async.WebAsyncManagerIntegrationFilter@d863bb, org.springframework.security.web.context.SecurityContextHolderFilter@1735e1c4, org.springframework.security.web.header.HeaderWriterFilter@55a07f97, org.springframework.web.filter.CorsFilter@76ebd595, org.springframework.security.web.authentication.logout.LogoutFilter@a7fd77f, com.taskmanager.security.AuthTokenFilter@e2498a3, org.springframework.security.web.savedrequest.RequestCacheAwareFilter@7da9b32c, org.springframework.security.web.servletapi.SecurityContextHolderAwareRequestFilter@7e5c8c80, org.springframework.security.web.authentication.AnonymousAuthenticationFilter@4560eb15, org.springframework.security.web.session.SessionManagementFilter@1e12fdcf, org.springframework.security.web.access.ExceptionTranslationFilter@74267ece, org.springframework.security.web.access.intercept.AuthorizationFilter@79080255]
2025-09-26 09:22:39 [main] WARN  o.s.b.w.s.c.AnnotationConfigServletWebServerApplicationContext - Exception encountered during context initialization - cancelling refresh attempt: org.springframework.context.ApplicationContextException: Failed to start bean 'webServerStartStop'
2025-09-26 09:22:39 [main] INFO  o.s.o.j.LocalContainerEntityManagerFactoryBean - Closing JPA EntityManagerFactory for persistence unit 'default'
2025-09-26 09:22:39 [main] INFO  com.zaxxer.hikari.HikariDataSource - HikariPool-1 - Shutdown initiated...
2025-09-26 09:22:39 [main] INFO  com.zaxxer.hikari.HikariDataSource - HikariPool-1 - Shutdown completed.
2025-09-26 09:22:39 [main] INFO  o.s.b.a.l.ConditionEvaluationReportLogger - 

Error starting ApplicationContext. To display the condition evaluation report re-run your application with 'debug' enabled.
2025-09-26 09:22:39 [main] ERROR o.s.b.d.LoggingFailureAnalysisReporter - 

***************************
APPLICATION FAILED TO START
***************************

Description:

Web server failed to start. Port 8080 was already in use.

Action:

Identify and stop the process that's listening on port 8080 or configure this application to listen on another port.

2025-09-26 09:23:28 [main] INFO  c.taskmanager.TaskManagerApplication - Starting TaskManagerApplication using Java 17.0.16 with PID 941298 (/var/www/html/assessment/backend/target/classes started by rigace in /var/www/html/assessment/backend)
2025-09-26 09:23:28 [main] DEBUG c.taskmanager.TaskManagerApplication - Running with Spring Boot v3.2.0, Spring v6.1.1
2025-09-26 09:23:28 [main] INFO  c.taskmanager.TaskManagerApplication - No active profile set, falling back to 1 default profile: "default"
2025-09-26 09:23:28 [main] INFO  o.s.d.r.c.RepositoryConfigurationDelegate - Bootstrapping Spring Data JPA repositories in DEFAULT mode.
2025-09-26 09:23:28 [main] INFO  o.s.d.r.c.RepositoryConfigurationDelegate - Finished Spring Data repository scanning in 30 ms. Found 2 JPA repository interfaces.
2025-09-26 09:23:29 [main] INFO  o.s.b.w.e.tomcat.TomcatWebServer - Tomcat initialized with port 8080 (http)
2025-09-26 09:23:29 [main] INFO  o.a.catalina.core.StandardService - Starting service [Tomcat]
2025-09-26 09:23:29 [main] INFO  o.a.catalina.core.StandardEngine - Starting Servlet engine: [Apache Tomcat/10.1.16]
2025-09-26 09:23:29 [main] INFO  o.a.c.c.C.[Tomcat].[localhost].[/] - Initializing Spring embedded WebApplicationContext
2025-09-26 09:23:29 [main] INFO  o.s.b.w.s.c.ServletWebServerApplicationContext - Root WebApplicationContext: initialization completed in 870 ms
2025-09-26 09:23:29 [main] INFO  com.zaxxer.hikari.HikariDataSource - HikariPool-1 - Starting...
2025-09-26 09:23:29 [main] INFO  com.zaxxer.hikari.pool.HikariPool - HikariPool-1 - Added connection conn0: url=jdbc:h2:mem:taskmanager user=SA
2025-09-26 09:23:29 [main] INFO  com.zaxxer.hikari.HikariDataSource - HikariPool-1 - Start completed.
2025-09-26 09:23:29 [main] INFO  o.s.b.a.h.H2ConsoleAutoConfiguration - H2 console available at '/h2-console'. Database available at 'jdbc:h2:mem:taskmanager'
2025-09-26 09:23:29 [main] INFO  o.h.jpa.internal.util.LogHelper - HHH000204: Processing PersistenceUnitInfo [name: default]
2025-09-26 09:23:29 [main] INFO  org.hibernate.Version - HHH000412: Hibernate ORM core version 6.3.1.Final
2025-09-26 09:23:29 [main] INFO  o.h.c.i.RegionFactoryInitiator - HHH000026: Second-level cache disabled
2025-09-26 09:23:29 [main] INFO  o.s.o.j.p.SpringPersistenceUnitInfo - No LoadTimeWeaver setup: ignoring JPA class transformer
2025-09-26 09:23:29 [main] WARN  org.hibernate.orm.deprecation - HHH90000025: H2Dialect does not need to be specified explicitly using 'hibernate.dialect' (remove the property setting and it will be selected by default)
2025-09-26 09:23:30 [main] INFO  o.h.e.t.j.p.i.JtaPlatformInitiator - HHH000489: No JTA platform available (set 'hibernate.transaction.jta.platform' to enable JTA platform integration)
2025-09-26 09:23:30 [main] INFO  o.s.o.j.LocalContainerEntityManagerFactoryBean - Initialized JPA EntityManagerFactory for persistence unit 'default'
2025-09-26 09:23:30 [main] DEBUG c.t.security.AuthTokenFilter - Filter 'authenticationJwtTokenFilter' configured for use
2025-09-26 09:23:30 [main] WARN  o.s.b.a.o.j.JpaBaseConfiguration$JpaWebConfiguration - spring.jpa.open-in-view is enabled by default. Therefore, database queries may be performed during view rendering. Explicitly configure spring.jpa.open-in-view to disable this warning
2025-09-26 09:23:30 [main] INFO  o.s.s.web.DefaultSecurityFilterChain - Will secure any request with [org.springframework.security.web.session.DisableEncodeUrlFilter@85eba52, org.springframework.security.web.context.request.async.WebAsyncManagerIntegrationFilter@1a34f8e2, org.springframework.security.web.context.SecurityContextHolderFilter@733e3c19, org.springframework.security.web.header.HeaderWriterFilter@7bdddfa4, org.springframework.web.filter.CorsFilter@222a7429, org.springframework.security.web.authentication.logout.LogoutFilter@225fb75e, com.taskmanager.security.AuthTokenFilter@5c552f08, org.springframework.security.web.savedrequest.RequestCacheAwareFilter@22ba30b0, org.springframework.security.web.servletapi.SecurityContextHolderAwareRequestFilter@22bca04e, org.springframework.security.web.authentication.AnonymousAuthenticationFilter@22a8c837, org.springframework.security.web.session.SessionManagementFilter@34d26a68, org.springframework.security.web.access.ExceptionTranslationFilter@765eb801, org.springframework.security.web.access.intercept.AuthorizationFilter@3724ab90]
2025-09-26 09:23:30 [main] INFO  o.s.b.w.e.tomcat.TomcatWebServer - Tomcat started on port 8080 (http) with context path ''
2025-09-26 09:23:30 [main] INFO  c.taskmanager.TaskManagerApplication - Started TaskManagerApplication in 2.734 seconds (process running for 2.923)
2025-09-26 09:23:50 [http-nio-8080-exec-1] INFO  o.a.c.c.C.[Tomcat].[localhost].[/] - Initializing Spring DispatcherServlet 'dispatcherServlet'
2025-09-26 09:23:50 [http-nio-8080-exec-1] INFO  o.s.web.servlet.DispatcherServlet - Initializing Servlet 'dispatcherServlet'
2025-09-26 09:23:50 [http-nio-8080-exec-1] INFO  o.s.web.servlet.DispatcherServlet - Completed initialization in 2 ms
2025-09-26 09:23:50 [http-nio-8080-exec-1] DEBUG o.s.security.web.FilterChainProxy - Securing POST /auth/register
2025-09-26 09:23:50 [http-nio-8080-exec-1] DEBUG o.s.s.w.a.AnonymousAuthenticationFilter - Set SecurityContextHolder to anonymous SecurityContext
2025-09-26 09:23:50 [http-nio-8080-exec-1] WARN  o.s.w.s.h.HandlerMappingIntrospector - Cache miss for REQUEST dispatch to '/auth/register' (previous null). Performing MatchableHandlerMapping lookup. This is logged once only at WARN level, and every time at TRACE.
2025-09-26 09:23:50 [http-nio-8080-exec-1] DEBUG o.s.security.web.FilterChainProxy - Secured POST /auth/register
2025-09-26 09:23:51 [http-nio-8080-exec-1] INFO  c.t.controller.AuthController - Registration attempt for user: testuser
2025-09-26 09:23:51 [http-nio-8080-exec-1] INFO  c.t.controller.AuthController - User testuser registered successfully
2025-09-26 09:24:01 [http-nio-8080-exec-2] DEBUG o.s.security.web.FilterChainProxy - Securing POST /auth/login
2025-09-26 09:24:01 [http-nio-8080-exec-2] DEBUG o.s.s.w.a.AnonymousAuthenticationFilter - Set SecurityContextHolder to anonymous SecurityContext
2025-09-26 09:24:01 [http-nio-8080-exec-2] DEBUG o.s.security.web.FilterChainProxy - Secured POST /auth/login
2025-09-26 09:24:01 [http-nio-8080-exec-2] INFO  c.t.controller.AuthController - Login attempt for user: testuser
2025-09-26 09:24:01 [http-nio-8080-exec-2] DEBUG o.s.s.a.d.DaoAuthenticationProvider - Authenticated user
2025-09-26 09:24:01 [http-nio-8080-exec-2] ERROR o.a.c.c.C.[.[.[.[dispatcherServlet] - Servlet.service() for servlet [dispatcherServlet] in context with path [] threw exception [Request processing failed: io.jsonwebtoken.security.WeakKeyException: The signing key's size is 328 bits which is not secure enough for the HS512 algorithm.  The JWT JWA Specification (RFC 7518, Section 3.2) states that keys used with HS512 MUST have a size >= 512 bits (the key size must be greater than or equal to the hash output size).  Consider using the io.jsonwebtoken.security.Keys class's 'secretKeyFor(SignatureAlgorithm.HS512)' method to create a key guaranteed to be secure enough for HS512.  See https://tools.ietf.org/html/rfc7518#section-3.2 for more information.] with root cause
io.jsonwebtoken.security.WeakKeyException: The signing key's size is 328 bits which is not secure enough for the HS512 algorithm.  The JWT JWA Specification (RFC 7518, Section 3.2) states that keys used with HS512 MUST have a size >= 512 bits (the key size must be greater than or equal to the hash output size).  Consider using the io.jsonwebtoken.security.Keys class's 'secretKeyFor(SignatureAlgorithm.HS512)' method to create a key guaranteed to be secure enough for HS512.  See https://tools.ietf.org/html/rfc7518#section-3.2 for more information.
	at io.jsonwebtoken.SignatureAlgorithm.assertValid(SignatureAlgorithm.java:387)
	at io.jsonwebtoken.SignatureAlgorithm.assertValidSigningKey(SignatureAlgorithm.java:315)
	at io.jsonwebtoken.impl.DefaultJwtBuilder.signWith(DefaultJwtBuilder.java:112)
	at com.taskmanager.security.JwtUtils.generateJwtToken(JwtUtils.java:36)
	at com.taskmanager.controller.AuthController.authenticateUser(AuthController.java:49)
	at java.base/jdk.internal.reflect.NativeMethodAccessorImpl.invoke0(Native Method)
	at java.base/jdk.internal.reflect.NativeMethodAccessorImpl.invoke(NativeMethodAccessorImpl.java:77)
	at java.base/jdk.internal.reflect.DelegatingMethodAccessorImpl.invoke(DelegatingMethodAccessorImpl.java:43)
	at java.base/java.lang.reflect.Method.invoke(Method.java:569)
	at org.springframework.web.method.support.InvocableHandlerMethod.doInvoke(InvocableHandlerMethod.java:254)
	at org.springframework.web.method.support.InvocableHandlerMethod.invokeForRequest(InvocableHandlerMethod.java:182)
	at org.springframework.web.servlet.mvc.method.annotation.ServletInvocableHandlerMethod.invokeAndHandle(ServletInvocableHandlerMethod.java:118)
	at org.springframework.web.servlet.mvc.method.annotation.RequestMappingHandlerAdapter.invokeHandlerMethod(RequestMappingHandlerAdapter.java:917)
	at org.springframework.web.servlet.mvc.method.annotation.RequestMappingHandlerAdapter.handleInternal(RequestMappingHandlerAdapter.java:829)
	at org.springframework.web.servlet.mvc.method.AbstractHandlerMethodAdapter.handle(AbstractHandlerMethodAdapter.java:87)
	at org.springframework.web.servlet.DispatcherServlet.doDispatch(DispatcherServlet.java:1089)
	at org.springframework.web.servlet.DispatcherServlet.doService(DispatcherServlet.java:979)
	at org.springframework.web.servlet.FrameworkServlet.processRequest(FrameworkServlet.java:1014)
	at org.springframework.web.servlet.FrameworkServlet.doPost(FrameworkServlet.java:914)
	at jakarta.servlet.http.HttpServlet.service(HttpServlet.java:590)
	at org.springframework.web.servlet.FrameworkServlet.service(FrameworkServlet.java:885)
	at jakarta.servlet.http.HttpServlet.service(HttpServlet.java:658)
	at org.apache.catalina.core.ApplicationFilterChain.internalDoFilter(ApplicationFilterChain.java:205)
	at org.apache.catalina.core.ApplicationFilterChain.doFilter(ApplicationFilterChain.java:149)
	at org.apache.tomcat.websocket.server.WsFilter.doFilter(WsFilter.java:51)
	at org.apache.catalina.core.ApplicationFilterChain.internalDoFilter(ApplicationFilterChain.java:174)
	at org.apache.catalina.core.ApplicationFilterChain.doFilter(ApplicationFilterChain.java:149)
	at org.springframework.web.filter.OncePerRequestFilter.doFilter(OncePerRequestFilter.java:110)
	at org.apache.catalina.core.ApplicationFilterChain.internalDoFilter(ApplicationFilterChain.java:174)
	at org.apache.catalina.core.ApplicationFilterChain.doFilter(ApplicationFilterChain.java:149)
	at org.springframework.security.web.FilterChainProxy.lambda$doFilterInternal$3(FilterChainProxy.java:231)
	at org.springframework.security.web.FilterChainProxy$VirtualFilterChain.doFilter(FilterChainProxy.java:365)
	at org.springframework.security.web.access.intercept.AuthorizationFilter.doFilter(AuthorizationFilter.java:100)
	at org.springframework.security.web.FilterChainProxy$VirtualFilterChain.doFilter(FilterChainProxy.java:374)
	at org.springframework.security.web.access.ExceptionTranslationFilter.doFilter(ExceptionTranslationFilter.java:126)
	at org.springframework.security.web.access.ExceptionTranslationFilter.doFilter(ExceptionTranslationFilter.java:120)
	at org.springframework.security.web.FilterChainProxy$VirtualFilterChain.doFilter(FilterChainProxy.java:374)
	at org.springframework.security.web.session.SessionManagementFilter.doFilter(SessionManagementFilter.java:131)
	at org.springframework.security.web.session.SessionManagementFilter.doFilter(SessionManagementFilter.java:85)
	at org.springframework.security.web.FilterChainProxy$VirtualFilterChain.doFilter(FilterChainProxy.java:374)
	at org.springframework.security.web.authentication.AnonymousAuthenticationFilter.doFilter(AnonymousAuthenticationFilter.java:100)
	at org.springframework.security.web.FilterChainProxy$VirtualFilterChain.doFilter(FilterChainProxy.java:374)
	at org.springframework.security.web.servletapi.SecurityContextHolderAwareRequestFilter.doFilter(SecurityContextHolderAwareRequestFilter.java:179)
	at org.springframework.security.web.FilterChainProxy$VirtualFilterChain.doFilter(FilterChainProxy.java:374)
	at org.springframework.security.web.savedrequest.RequestCacheAwareFilter.doFilter(RequestCacheAwareFilter.java:63)
	at org.springframework.security.web.FilterChainProxy$VirtualFilterChain.doFilter(FilterChainProxy.java:374)
	at com.taskmanager.security.AuthTokenFilter.doFilterInternal(AuthTokenFilter.java:47)
	at org.springframework.web.filter.OncePerRequestFilter.doFilter(OncePerRequestFilter.java:116)
	at org.springframework.security.web.FilterChainProxy$VirtualFilterChain.doFilter(FilterChainProxy.java:374)
	at org.springframework.security.web.authentication.logout.LogoutFilter.doFilter(LogoutFilter.java:107)
	at org.springframework.security.web.authentication.logout.LogoutFilter.doFilter(LogoutFilter.java:93)
	at org.springframework.security.web.FilterChainProxy$VirtualFilterChain.doFilter(FilterChainProxy.java:374)
	at org.springframework.web.filter.CorsFilter.doFilterInternal(CorsFilter.java:91)
	at org.springframework.web.filter.OncePerRequestFilter.doFilter(OncePerRequestFilter.java:116)
	at org.springframework.security.web.FilterChainProxy$VirtualFilterChain.doFilter(FilterChainProxy.java:374)
	at org.springframework.security.web.header.HeaderWriterFilter.doHeadersAfter(HeaderWriterFilter.java:90)
	at org.springframework.security.web.header.HeaderWriterFilter.doFilterInternal(HeaderWriterFilter.java:75)
	at org.springframework.web.filter.OncePerRequestFilter.doFilter(OncePerRequestFilter.java:116)
	at org.springframework.security.web.FilterChainProxy$VirtualFilterChain.doFilter(FilterChainProxy.java:374)
	at org.springframework.security.web.context.SecurityContextHolderFilter.doFilter(SecurityContextHolderFilter.java:82)
	at org.springframework.security.web.context.SecurityContextHolderFilter.doFilter(SecurityContextHolderFilter.java:69)
	at org.springframework.security.web.FilterChainProxy$VirtualFilterChain.doFilter(FilterChainProxy.java:374)
	at org.springframework.security.web.context.request.async.WebAsyncManagerIntegrationFilter.doFilterInternal(WebAsyncManagerIntegrationFilter.java:62)
	at org.springframework.web.filter.OncePerRequestFilter.doFilter(OncePerRequestFilter.java:116)
	at org.springframework.security.web.FilterChainProxy$VirtualFilterChain.doFilter(FilterChainProxy.java:374)
	at org.springframework.security.web.session.DisableEncodeUrlFilter.doFilterInternal(DisableEncodeUrlFilter.java:42)
	at org.springframework.web.filter.OncePerRequestFilter.doFilter(OncePerRequestFilter.java:116)
	at org.springframework.security.web.FilterChainProxy$VirtualFilterChain.doFilter(FilterChainProxy.java:374)
	at org.springframework.security.web.FilterChainProxy.doFilterInternal(FilterChainProxy.java:233)
	at org.springframework.security.web.FilterChainProxy.doFilter(FilterChainProxy.java:191)
	at org.springframework.web.filter.DelegatingFilterProxy.invokeDelegate(DelegatingFilterProxy.java:352)
	at org.springframework.web.filter.DelegatingFilterProxy.doFilter(DelegatingFilterProxy.java:268)
	at org.apache.catalina.core.ApplicationFilterChain.internalDoFilter(ApplicationFilterChain.java:174)
	at org.apache.catalina.core.ApplicationFilterChain.doFilter(ApplicationFilterChain.java:149)
	at org.springframework.web.filter.RequestContextFilter.doFilterInternal(RequestContextFilter.java:100)
	at org.springframework.web.filter.OncePerRequestFilter.doFilter(OncePerRequestFilter.java:116)
	at org.apache.catalina.core.ApplicationFilterChain.internalDoFilter(ApplicationFilterChain.java:174)
	at org.apache.catalina.core.ApplicationFilterChain.doFilter(ApplicationFilterChain.java:149)
	at org.springframework.web.filter.FormContentFilter.doFilterInternal(FormContentFilter.java:93)
	at org.springframework.web.filter.OncePerRequestFilter.doFilter(OncePerRequestFilter.java:116)
	at org.apache.catalina.core.ApplicationFilterChain.internalDoFilter(ApplicationFilterChain.java:174)
	at org.apache.catalina.core.ApplicationFilterChain.doFilter(ApplicationFilterChain.java:149)
	at org.springframework.web.filter.CharacterEncodingFilter.doFilterInternal(CharacterEncodingFilter.java:201)
	at org.springframework.web.filter.OncePerRequestFilter.doFilter(OncePerRequestFilter.java:116)
	at org.apache.catalina.core.ApplicationFilterChain.internalDoFilter(ApplicationFilterChain.java:174)
	at org.apache.catalina.core.ApplicationFilterChain.doFilter(ApplicationFilterChain.java:149)
	at org.apache.catalina.core.StandardWrapperValve.invoke(StandardWrapperValve.java:167)
	at org.apache.catalina.core.StandardContextValve.invoke(StandardContextValve.java:90)
	at org.apache.catalina.authenticator.AuthenticatorBase.invoke(AuthenticatorBase.java:482)
	at org.apache.catalina.core.StandardHostValve.invoke(StandardHostValve.java:115)
	at org.apache.catalina.valves.ErrorReportValve.invoke(ErrorReportValve.java:93)
	at org.apache.catalina.core.StandardEngineValve.invoke(StandardEngineValve.java:74)
	at org.apache.catalina.connector.CoyoteAdapter.service(CoyoteAdapter.java:340)
	at org.apache.coyote.http11.Http11Processor.service(Http11Processor.java:391)
	at org.apache.coyote.AbstractProcessorLight.process(AbstractProcessorLight.java:63)
	at org.apache.coyote.AbstractProtocol$ConnectionHandler.process(AbstractProtocol.java:896)
	at org.apache.tomcat.util.net.NioEndpoint$SocketProcessor.doRun(NioEndpoint.java:1744)
	at org.apache.tomcat.util.net.SocketProcessorBase.run(SocketProcessorBase.java:52)
	at org.apache.tomcat.util.threads.ThreadPoolExecutor.runWorker(ThreadPoolExecutor.java:1191)
	at org.apache.tomcat.util.threads.ThreadPoolExecutor$Worker.run(ThreadPoolExecutor.java:659)
	at org.apache.tomcat.util.threads.TaskThread$WrappingRunnable.run(TaskThread.java:61)
	at java.base/java.lang.Thread.run(Thread.java:840)
2025-09-26 09:24:01 [http-nio-8080-exec-2] DEBUG o.s.security.web.FilterChainProxy - Securing POST /error
2025-09-26 09:24:01 [http-nio-8080-exec-2] DEBUG o.s.s.w.a.AnonymousAuthenticationFilter - Set SecurityContextHolder to anonymous SecurityContext
2025-09-26 09:24:01 [http-nio-8080-exec-2] ERROR c.t.security.AuthEntryPointJwt - Unauthorized error: Full authentication is required to access this resource
2025-09-26 09:24:44 [main] INFO  c.taskmanager.TaskManagerApplication - Starting TaskManagerApplication using Java 17.0.16 with PID 943129 (/var/www/html/assessment/backend/target/classes started by rigace in /var/www/html/assessment/backend)
2025-09-26 09:24:44 [main] DEBUG c.taskmanager.TaskManagerApplication - Running with Spring Boot v3.2.0, Spring v6.1.1
2025-09-26 09:24:44 [main] INFO  c.taskmanager.TaskManagerApplication - No active profile set, falling back to 1 default profile: "default"
2025-09-26 09:24:44 [main] INFO  o.s.d.r.c.RepositoryConfigurationDelegate - Bootstrapping Spring Data JPA repositories in DEFAULT mode.
2025-09-26 09:24:44 [main] INFO  o.s.d.r.c.RepositoryConfigurationDelegate - Finished Spring Data repository scanning in 30 ms. Found 2 JPA repository interfaces.
2025-09-26 09:24:45 [main] INFO  o.s.b.w.e.tomcat.TomcatWebServer - Tomcat initialized with port 8080 (http)
2025-09-26 09:24:45 [main] INFO  o.a.catalina.core.StandardService - Starting service [Tomcat]
2025-09-26 09:24:45 [main] INFO  o.a.catalina.core.StandardEngine - Starting Servlet engine: [Apache Tomcat/10.1.16]
2025-09-26 09:24:45 [main] INFO  o.a.c.c.C.[Tomcat].[localhost].[/] - Initializing Spring embedded WebApplicationContext
2025-09-26 09:24:45 [main] INFO  o.s.b.w.s.c.ServletWebServerApplicationContext - Root WebApplicationContext: initialization completed in 787 ms
2025-09-26 09:24:45 [main] INFO  com.zaxxer.hikari.HikariDataSource - HikariPool-1 - Starting...
2025-09-26 09:24:45 [main] INFO  com.zaxxer.hikari.pool.HikariPool - HikariPool-1 - Added connection conn0: url=jdbc:h2:mem:taskmanager user=SA
2025-09-26 09:24:45 [main] INFO  com.zaxxer.hikari.HikariDataSource - HikariPool-1 - Start completed.
2025-09-26 09:24:45 [main] INFO  o.s.b.a.h.H2ConsoleAutoConfiguration - H2 console available at '/h2-console'. Database available at 'jdbc:h2:mem:taskmanager'
2025-09-26 09:24:45 [main] INFO  o.h.jpa.internal.util.LogHelper - HHH000204: Processing PersistenceUnitInfo [name: default]
2025-09-26 09:24:45 [main] INFO  org.hibernate.Version - HHH000412: Hibernate ORM core version 6.3.1.Final
2025-09-26 09:24:45 [main] INFO  o.h.c.i.RegionFactoryInitiator - HHH000026: Second-level cache disabled
2025-09-26 09:24:45 [main] INFO  o.s.o.j.p.SpringPersistenceUnitInfo - No LoadTimeWeaver setup: ignoring JPA class transformer
2025-09-26 09:24:45 [main] WARN  org.hibernate.orm.deprecation - HHH90000025: H2Dialect does not need to be specified explicitly using 'hibernate.dialect' (remove the property setting and it will be selected by default)
2025-09-26 09:24:46 [main] INFO  o.h.e.t.j.p.i.JtaPlatformInitiator - HHH000489: No JTA platform available (set 'hibernate.transaction.jta.platform' to enable JTA platform integration)
2025-09-26 09:24:46 [main] INFO  o.s.o.j.LocalContainerEntityManagerFactoryBean - Initialized JPA EntityManagerFactory for persistence unit 'default'
2025-09-26 09:24:46 [main] DEBUG c.t.security.AuthTokenFilter - Filter 'authenticationJwtTokenFilter' configured for use
2025-09-26 09:24:46 [main] WARN  o.s.b.a.o.j.JpaBaseConfiguration$JpaWebConfiguration - spring.jpa.open-in-view is enabled by default. Therefore, database queries may be performed during view rendering. Explicitly configure spring.jpa.open-in-view to disable this warning
2025-09-26 09:24:46 [main] INFO  o.s.s.web.DefaultSecurityFilterChain - Will secure any request with [org.springframework.security.web.session.DisableEncodeUrlFilter@4936fbc6, org.springframework.security.web.context.request.async.WebAsyncManagerIntegrationFilter@b4c89b6, org.springframework.security.web.context.SecurityContextHolderFilter@6cd65042, org.springframework.security.web.header.HeaderWriterFilter@574413bd, org.springframework.web.filter.CorsFilter@54f62ac6, org.springframework.security.web.authentication.logout.LogoutFilter@7945986a, com.taskmanager.security.AuthTokenFilter@341df373, org.springframework.security.web.savedrequest.RequestCacheAwareFilter@4b5ceb5d, org.springframework.security.web.servletapi.SecurityContextHolderAwareRequestFilter@22a2e581, org.springframework.security.web.authentication.AnonymousAuthenticationFilter@7be86438, org.springframework.security.web.session.SessionManagementFilter@7e5c8c80, org.springframework.security.web.access.ExceptionTranslationFilter@2e6f1f48, org.springframework.security.web.access.intercept.AuthorizationFilter@4560eb15]
2025-09-26 09:24:46 [main] INFO  o.s.b.w.e.tomcat.TomcatWebServer - Tomcat started on port 8080 (http) with context path ''
2025-09-26 09:24:46 [main] INFO  c.taskmanager.TaskManagerApplication - Started TaskManagerApplication in 2.668 seconds (process running for 2.878)
2025-09-26 09:24:56 [http-nio-8080-exec-1] INFO  o.a.c.c.C.[Tomcat].[localhost].[/] - Initializing Spring DispatcherServlet 'dispatcherServlet'
2025-09-26 09:24:56 [http-nio-8080-exec-1] INFO  o.s.web.servlet.DispatcherServlet - Initializing Servlet 'dispatcherServlet'
2025-09-26 09:24:56 [http-nio-8080-exec-1] INFO  o.s.web.servlet.DispatcherServlet - Completed initialization in 1 ms
2025-09-26 09:24:56 [http-nio-8080-exec-1] DEBUG o.s.security.web.FilterChainProxy - Securing POST /auth/register
2025-09-26 09:24:56 [http-nio-8080-exec-1] DEBUG o.s.s.w.a.AnonymousAuthenticationFilter - Set SecurityContextHolder to anonymous SecurityContext
2025-09-26 09:24:56 [http-nio-8080-exec-1] WARN  o.s.w.s.h.HandlerMappingIntrospector - Cache miss for REQUEST dispatch to '/auth/register' (previous null). Performing MatchableHandlerMapping lookup. This is logged once only at WARN level, and every time at TRACE.
2025-09-26 09:24:56 [http-nio-8080-exec-1] DEBUG o.s.security.web.FilterChainProxy - Secured POST /auth/register
2025-09-26 09:24:56 [http-nio-8080-exec-1] INFO  c.t.controller.AuthController - Registration attempt for user: testuser2
2025-09-26 09:24:57 [http-nio-8080-exec-1] INFO  c.t.controller.AuthController - User testuser2 registered successfully
2025-09-26 09:25:06 [http-nio-8080-exec-2] DEBUG o.s.security.web.FilterChainProxy - Securing POST /auth/login
2025-09-26 09:25:06 [http-nio-8080-exec-2] DEBUG o.s.s.w.a.AnonymousAuthenticationFilter - Set SecurityContextHolder to anonymous SecurityContext
2025-09-26 09:25:06 [http-nio-8080-exec-2] DEBUG o.s.security.web.FilterChainProxy - Secured POST /auth/login
2025-09-26 09:25:06 [http-nio-8080-exec-2] INFO  c.t.controller.AuthController - Login attempt for user: testuser2
2025-09-26 09:25:07 [http-nio-8080-exec-2] DEBUG o.s.s.a.d.DaoAuthenticationProvider - Authenticated user
2025-09-26 09:25:07 [http-nio-8080-exec-2] INFO  c.t.controller.AuthController - User testuser2 logged in successfully
2025-09-26 09:25:20 [http-nio-8080-exec-4] DEBUG o.s.security.web.FilterChainProxy - Securing POST /api/tasks
2025-09-26 09:25:20 [http-nio-8080-exec-4] DEBUG o.s.security.web.FilterChainProxy - Secured POST /api/tasks
2025-09-26 09:25:20 [http-nio-8080-exec-4] INFO  c.t.controller.TaskController - Created task 1 for user: testuser2
2025-09-26 09:25:29 [http-nio-8080-exec-6] DEBUG o.s.security.web.FilterChainProxy - Securing GET /api/tasks
2025-09-26 09:25:29 [http-nio-8080-exec-6] DEBUG o.s.security.web.FilterChainProxy - Secured GET /api/tasks
2025-09-26 09:25:29 [http-nio-8080-exec-6] INFO  c.t.controller.TaskController - Retrieved 1 tasks for user: testuser2
2025-09-26 09:25:39 [http-nio-8080-exec-7] DEBUG o.s.security.web.FilterChainProxy - Securing PUT /api/tasks/1
2025-09-26 09:25:39 [http-nio-8080-exec-7] DEBUG o.s.security.web.FilterChainProxy - Secured PUT /api/tasks/1
2025-09-26 09:25:39 [http-nio-8080-exec-7] INFO  c.t.controller.TaskController - Updated task 1 for user: testuser2
2025-09-26 09:26:03 [http-nio-8080-exec-9] DEBUG o.s.security.web.FilterChainProxy - Securing OPTIONS /auth/login
2025-09-26 09:26:03 [http-nio-8080-exec-10] DEBUG o.s.security.web.FilterChainProxy - Securing POST /auth/login
2025-09-26 09:26:03 [http-nio-8080-exec-10] DEBUG o.s.s.w.a.AnonymousAuthenticationFilter - Set SecurityContextHolder to anonymous SecurityContext
2025-09-26 09:26:03 [http-nio-8080-exec-10] DEBUG o.s.security.web.FilterChainProxy - Secured POST /auth/login
2025-09-26 09:26:03 [http-nio-8080-exec-10] INFO  c.t.controller.AuthController - Login attempt for user: duncannzei1@gmail.com
2025-09-26 09:26:03 [http-nio-8080-exec-10] DEBUG o.s.s.a.d.DaoAuthenticationProvider - Failed to find user 'duncannzei1@gmail.com'
2025-09-26 09:26:03 [http-nio-8080-exec-10] ERROR c.t.security.AuthEntryPointJwt - Unauthorized error: Bad credentials
2025-09-26 09:26:17 [http-nio-8080-exec-1] DEBUG o.s.security.web.FilterChainProxy - Securing OPTIONS /auth/login
2025-09-26 09:26:17 [http-nio-8080-exec-2] DEBUG o.s.security.web.FilterChainProxy - Securing POST /auth/login
2025-09-26 09:26:17 [http-nio-8080-exec-2] DEBUG o.s.s.w.a.AnonymousAuthenticationFilter - Set SecurityContextHolder to anonymous SecurityContext
2025-09-26 09:26:17 [http-nio-8080-exec-2] DEBUG o.s.security.web.FilterChainProxy - Secured POST /auth/login
2025-09-26 09:26:17 [http-nio-8080-exec-2] INFO  c.t.controller.AuthController - Login attempt for user: duncannzei1@gmail.com
2025-09-26 09:26:17 [http-nio-8080-exec-2] DEBUG o.s.s.a.d.DaoAuthenticationProvider - Failed to find user 'duncannzei1@gmail.com'
2025-09-26 09:26:17 [http-nio-8080-exec-2] ERROR c.t.security.AuthEntryPointJwt - Unauthorized error: Bad credentials
2025-09-26 09:26:32 [http-nio-8080-exec-3] DEBUG o.s.security.web.FilterChainProxy - Securing OPTIONS /auth/register
2025-09-26 09:26:32 [http-nio-8080-exec-4] DEBUG o.s.security.web.FilterChainProxy - Securing POST /auth/register
2025-09-26 09:26:32 [http-nio-8080-exec-4] DEBUG o.s.s.w.a.AnonymousAuthenticationFilter - Set SecurityContextHolder to anonymous SecurityContext
2025-09-26 09:26:32 [http-nio-8080-exec-4] DEBUG o.s.security.web.FilterChainProxy - Secured POST /auth/register
2025-09-26 09:26:32 [http-nio-8080-exec-4] INFO  c.t.controller.AuthController - Registration attempt for user: dnzei@payserve.co.ke
2025-09-26 09:26:32 [http-nio-8080-exec-4] INFO  c.t.controller.AuthController - User dnzei@payserve.co.ke registered successfully
2025-09-26 09:26:45 [http-nio-8080-exec-5] DEBUG o.s.security.web.FilterChainProxy - Securing OPTIONS /auth/login
2025-09-26 09:26:45 [http-nio-8080-exec-6] DEBUG o.s.security.web.FilterChainProxy - Securing POST /auth/login
2025-09-26 09:26:45 [http-nio-8080-exec-6] DEBUG o.s.s.w.a.AnonymousAuthenticationFilter - Set SecurityContextHolder to anonymous SecurityContext
2025-09-26 09:26:45 [http-nio-8080-exec-6] DEBUG o.s.security.web.FilterChainProxy - Secured POST /auth/login
2025-09-26 09:26:45 [http-nio-8080-exec-6] INFO  c.t.controller.AuthController - Login attempt for user: dnzei@payserve.co.ke
2025-09-26 09:26:45 [http-nio-8080-exec-6] DEBUG o.s.s.a.d.DaoAuthenticationProvider - Authenticated user
2025-09-26 09:26:45 [http-nio-8080-exec-6] INFO  c.t.controller.AuthController - User dnzei@payserve.co.ke logged in successfully
2025-09-26 09:26:45 [http-nio-8080-exec-7] DEBUG o.s.security.web.FilterChainProxy - Securing OPTIONS /api/tasks
2025-09-26 09:26:45 [http-nio-8080-exec-8] DEBUG o.s.security.web.FilterChainProxy - Securing GET /api/tasks
2025-09-26 09:26:45 [http-nio-8080-exec-8] DEBUG o.s.security.web.FilterChainProxy - Secured GET /api/tasks
2025-09-26 09:26:45 [http-nio-8080-exec-8] INFO  c.t.controller.TaskController - Retrieved 0 tasks for user: dnzei@payserve.co.ke
2025-09-26 09:27:56 [http-nio-8080-exec-10] DEBUG o.s.security.web.FilterChainProxy - Securing OPTIONS /api/tasks
2025-09-26 09:27:56 [http-nio-8080-exec-1] DEBUG o.s.security.web.FilterChainProxy - Securing GET /api/tasks
2025-09-26 09:27:56 [http-nio-8080-exec-1] DEBUG o.s.security.web.FilterChainProxy - Secured GET /api/tasks
2025-09-26 09:27:56 [http-nio-8080-exec-1] INFO  c.t.controller.TaskController - Retrieved 0 tasks for user: dnzei@payserve.co.ke
2025-09-26 09:28:04 [http-nio-8080-exec-2] DEBUG o.s.security.web.FilterChainProxy - Securing OPTIONS /api/tasks
2025-09-26 09:28:04 [http-nio-8080-exec-3] DEBUG o.s.security.web.FilterChainProxy - Securing GET /api/tasks
2025-09-26 09:28:04 [http-nio-8080-exec-3] DEBUG o.s.security.web.FilterChainProxy - Secured GET /api/tasks
2025-09-26 09:28:04 [http-nio-8080-exec-3] INFO  c.t.controller.TaskController - Retrieved 0 tasks for user: dnzei@payserve.co.ke
2025-09-26 09:28:12 [http-nio-8080-exec-4] DEBUG o.s.security.web.FilterChainProxy - Securing OPTIONS /api/tasks
2025-09-26 09:28:12 [http-nio-8080-exec-5] DEBUG o.s.security.web.FilterChainProxy - Securing GET /api/tasks
2025-09-26 09:28:12 [http-nio-8080-exec-5] DEBUG o.s.security.web.FilterChainProxy - Secured GET /api/tasks
2025-09-26 09:28:12 [http-nio-8080-exec-5] INFO  c.t.controller.TaskController - Retrieved 0 tasks for user: dnzei@payserve.co.ke
2025-09-26 09:28:21 [http-nio-8080-exec-6] DEBUG o.s.security.web.FilterChainProxy - Securing OPTIONS /api/tasks
2025-09-26 09:28:21 [http-nio-8080-exec-7] DEBUG o.s.security.web.FilterChainProxy - Securing GET /api/tasks
2025-09-26 09:28:21 [http-nio-8080-exec-7] DEBUG o.s.security.web.FilterChainProxy - Secured GET /api/tasks
2025-09-26 09:28:21 [http-nio-8080-exec-7] INFO  c.t.controller.TaskController - Retrieved 0 tasks for user: dnzei@payserve.co.ke
2025-09-26 09:29:21 [http-nio-8080-exec-9] DEBUG o.s.security.web.FilterChainProxy - Securing OPTIONS /api/tasks
2025-09-26 09:29:21 [http-nio-8080-exec-10] DEBUG o.s.security.web.FilterChainProxy - Securing GET /api/tasks
2025-09-26 09:29:21 [http-nio-8080-exec-10] DEBUG o.s.security.web.FilterChainProxy - Secured GET /api/tasks
2025-09-26 09:29:21 [http-nio-8080-exec-10] INFO  c.t.controller.TaskController - Retrieved 0 tasks for user: dnzei@payserve.co.ke
2025-09-26 09:29:41 [http-nio-8080-exec-1] DEBUG o.s.security.web.FilterChainProxy - Securing OPTIONS /api/tasks
2025-09-26 09:29:41 [http-nio-8080-exec-2] DEBUG o.s.security.web.FilterChainProxy - Securing GET /api/tasks
2025-09-26 09:29:41 [http-nio-8080-exec-2] DEBUG o.s.security.web.FilterChainProxy - Secured GET /api/tasks
2025-09-26 09:29:41 [http-nio-8080-exec-2] INFO  c.t.controller.TaskController - Retrieved 0 tasks for user: dnzei@payserve.co.ke
2025-09-26 09:29:59 [http-nio-8080-exec-3] DEBUG o.s.security.web.FilterChainProxy - Securing OPTIONS /api/tasks
2025-09-26 09:29:59 [http-nio-8080-exec-4] DEBUG o.s.security.web.FilterChainProxy - Securing GET /api/tasks
2025-09-26 09:29:59 [http-nio-8080-exec-4] DEBUG o.s.security.web.FilterChainProxy - Secured GET /api/tasks
2025-09-26 09:29:59 [http-nio-8080-exec-4] INFO  c.t.controller.TaskController - Retrieved 0 tasks for user: dnzei@payserve.co.ke
2025-09-26 09:30:33 [http-nio-8080-exec-5] DEBUG o.s.security.web.FilterChainProxy - Securing OPTIONS /api/tasks
2025-09-26 09:30:33 [http-nio-8080-exec-6] DEBUG o.s.security.web.FilterChainProxy - Securing POST /api/tasks
2025-09-26 09:30:33 [http-nio-8080-exec-6] DEBUG o.s.security.web.FilterChainProxy - Secured POST /api/tasks
2025-09-26 09:30:33 [http-nio-8080-exec-6] INFO  c.t.controller.TaskController - Created task 2 for user: dnzei@payserve.co.ke
2025-09-26 09:30:33 [http-nio-8080-exec-7] DEBUG o.s.security.web.FilterChainProxy - Securing GET /api/tasks
2025-09-26 09:30:33 [http-nio-8080-exec-7] DEBUG o.s.security.web.FilterChainProxy - Secured GET /api/tasks
2025-09-26 09:30:33 [http-nio-8080-exec-7] INFO  c.t.controller.TaskController - Retrieved 1 tasks for user: dnzei@payserve.co.ke
2025-09-26 09:30:42 [http-nio-8080-exec-8] DEBUG o.s.security.web.FilterChainProxy - Securing OPTIONS /api/tasks/2
2025-09-26 09:30:42 [http-nio-8080-exec-9] DEBUG o.s.security.web.FilterChainProxy - Securing PUT /api/tasks/2
2025-09-26 09:30:42 [http-nio-8080-exec-9] DEBUG o.s.security.web.FilterChainProxy - Secured PUT /api/tasks/2
2025-09-26 09:30:42 [http-nio-8080-exec-9] INFO  c.t.controller.TaskController - Updated task 2 for user: dnzei@payserve.co.ke
2025-09-26 09:30:42 [http-nio-8080-exec-10] DEBUG o.s.security.web.FilterChainProxy - Securing OPTIONS /api/tasks
2025-09-26 09:30:42 [http-nio-8080-exec-1] DEBUG o.s.security.web.FilterChainProxy - Securing GET /api/tasks
2025-09-26 09:30:42 [http-nio-8080-exec-1] DEBUG o.s.security.web.FilterChainProxy - Secured GET /api/tasks
2025-09-26 09:30:42 [http-nio-8080-exec-1] INFO  c.t.controller.TaskController - Retrieved 1 tasks for user: dnzei@payserve.co.ke
2025-09-26 09:31:02 [http-nio-8080-exec-2] DEBUG o.s.security.web.FilterChainProxy - Securing OPTIONS /api/tasks
2025-09-26 09:31:02 [http-nio-8080-exec-3] DEBUG o.s.security.web.FilterChainProxy - Securing POST /api/tasks
2025-09-26 09:31:02 [http-nio-8080-exec-3] DEBUG o.s.security.web.FilterChainProxy - Secured POST /api/tasks
2025-09-26 09:31:02 [http-nio-8080-exec-3] INFO  c.t.controller.TaskController - Created task 3 for user: dnzei@payserve.co.ke
2025-09-26 09:31:02 [http-nio-8080-exec-4] DEBUG o.s.security.web.FilterChainProxy - Securing GET /api/tasks
2025-09-26 09:31:02 [http-nio-8080-exec-4] DEBUG o.s.security.web.FilterChainProxy - Secured GET /api/tasks
2025-09-26 09:31:02 [http-nio-8080-exec-4] INFO  c.t.controller.TaskController - Retrieved 2 tasks for user: dnzei@payserve.co.ke
2025-09-26 09:31:06 [http-nio-8080-exec-5] DEBUG o.s.security.web.FilterChainProxy - Securing OPTIONS /api/tasks/3
2025-09-26 09:31:06 [http-nio-8080-exec-6] DEBUG o.s.security.web.FilterChainProxy - Securing DELETE /api/tasks/3
2025-09-26 09:31:06 [http-nio-8080-exec-6] DEBUG o.s.security.web.FilterChainProxy - Secured DELETE /api/tasks/3
2025-09-26 09:31:06 [http-nio-8080-exec-6] INFO  c.t.controller.TaskController - Deleted task 3 for user: dnzei@payserve.co.ke
2025-09-26 09:31:06 [http-nio-8080-exec-7] DEBUG o.s.security.web.FilterChainProxy - Securing GET /api/tasks
2025-09-26 09:31:06 [http-nio-8080-exec-7] DEBUG o.s.security.web.FilterChainProxy - Secured GET /api/tasks
2025-09-26 09:31:06 [http-nio-8080-exec-7] INFO  c.t.controller.TaskController - Retrieved 1 tasks for user: dnzei@payserve.co.ke
